0 verbose cli C:\Program Files\nodejs\node.exe D:\npm-global\node_modules\npm\bin\npm-cli.js
1 info using npm@11.8.0
2 info using node@v22.13.1
3 silly config load:file:D:\npm-global\node_modules\npm\npmrc
4 silly config load:file:C:\Users\dfuser\Desktop\New\snowcity-main\.npmrc
5 silly config load:file:C:\Users\dfuser\.npmrc
6 silly config load:file:C:\Users\dfuser\AppData\Roaming\npm\etc\npmrc
7 verbose title npm i baseline-browser-mapping@latest
8 verbose argv "i" "baseline-browser-mapping@latest" "--save-dev"
9 verbose logfile logs-max:10 dir:C:\Users\dfuser\Desktop\New\snowcity-main\%AppData%\npm-cache\_logs\2026-02-17T05_53_44_736Z-
10 verbose logfile C:\Users\dfuser\Desktop\New\snowcity-main\%AppData%\npm-cache\_logs\2026-02-17T05_53_44_736Z-debug-0.log
11 silly logfile done cleaning log files
12 silly packumentCache heap:2197815296 maxSize:549453824 maxEntrySize:274726912
13 silly packumentCache corgi:https://registry.npmjs.org/baseline-browser-mapping cache-miss
14 http fetch GET 200 https://registry.npmjs.org/baseline-browser-mapping 1490ms (cache miss)
15 silly packumentCache corgi:https://registry.npmjs.org/baseline-browser-mapping set size:undefined disposed:false
16 silly idealTree buildDeps
17 silly fetch manifest baseline-browser-mapping@2.9.19
18 silly packumentCache full:https://registry.npmjs.org/baseline-browser-mapping cache-miss
19 http fetch GET 200 https://registry.npmjs.org/baseline-browser-mapping 178ms (cache miss)
20 silly packumentCache full:https://registry.npmjs.org/baseline-browser-mapping set size:undefined disposed:false
21 silly placeDep ROOT baseline-browser-mapping@2.9.19 REPLACE for: snowcity-frontend@0.0.1 want: 2.9.19
22 silly reify mark retired [
22 silly reify   'C:\\Users\\dfuser\\Desktop\\New\\snowcity-main\\node_modules\\baseline-browser-mapping',
22 silly reify   'C:\\Users\\dfuser\\Desktop\\New\\snowcity-main\\node_modules\\.bin\\baseline-browser-mapping',
22 silly reify   'C:\\Users\\dfuser\\Desktop\\New\\snowcity-main\\node_modules\\.bin\\baseline-browser-mapping.cmd',
22 silly reify   'C:\\Users\\dfuser\\Desktop\\New\\snowcity-main\\node_modules\\.bin\\baseline-browser-mapping.ps1'
22 silly reify ]
23 silly reify moves {
23 silly reify   'C:\\Users\\dfuser\\Desktop\\New\\snowcity-main\\node_modules\\baseline-browser-mapping': 'C:\\Users\\dfuser\\Desktop\\New\\snowcity-main\\node_modules\\.baseline-browser-mapping-PkTxIXyi',
23 silly reify   'C:\\Users\\dfuser\\Desktop\\New\\snowcity-main\\node_modules\\.bin\\baseline-browser-mapping': 'C:\\Users\\dfuser\\Desktop\\New\\snowcity-main\\node_modules\\.bin\\.baseline-browser-mapping-UcuZAci2',
23 silly reify   'C:\\Users\\dfuser\\Desktop\\New\\snowcity-main\\node_modules\\.bin\\baseline-browser-mapping.cmd': 'C:\\Users\\dfuser\\Desktop\\New\\snowcity-main\\node_modules\\.bin\\.baseline-browser-mapping.cmd-spMCJhec',
23 silly reify   'C:\\Users\\dfuser\\Desktop\\New\\snowcity-main\\node_modules\\.bin\\baseline-browser-mapping.ps1': 'C:\\Users\\dfuser\\Desktop\\New\\snowcity-main\\node_modules\\.bin\\.baseline-browser-mapping.ps1-LF7c037p'
23 silly reify }
24 silly audit bulk request {
24 silly audit   '@alloc/quick-lru': [ '5.2.0' ],
24 silly audit   '@babel/code-frame': [ '7.27.1' ],
24 silly audit   '@babel/compat-data': [ '7.28.5' ],
24 silly audit   '@babel/core': [ '7.28.5' ],
24 silly audit   '@babel/generator': [ '7.28.5' ],
24 silly audit   '@babel/helper-compilation-targets': [ '7.27.2' ],
24 silly audit   '@babel/helper-globals': [ '7.28.0' ],
24 silly audit   '@babel/helper-module-imports': [ '7.27.1' ],
24 silly audit   '@babel/helper-module-transforms': [ '7.28.3' ],
24 silly audit   '@babel/helper-plugin-utils': [ '7.27.1' ],
24 silly audit   '@babel/helper-string-parser': [ '7.27.1' ],
24 silly audit   '@babel/helper-validator-identifier': [ '7.28.5' ],
24 silly audit   '@babel/helper-validator-option': [ '7.27.1' ],
24 silly audit   '@babel/helpers': [ '7.28.4' ],
24 silly audit   '@babel/parser': [ '7.28.5' ],
24 silly audit   '@babel/plugin-transform-react-jsx-self': [ '7.27.1' ],
24 silly audit   '@babel/plugin-transform-react-jsx-source': [ '7.27.1' ],
24 silly audit   '@babel/template': [ '7.27.2' ],
24 silly audit   '@babel/traverse': [ '7.28.5' ],
24 silly audit   '@babel/types': [ '7.28.5' ],
24 silly audit   '@dnd-kit/accessibility': [ '3.1.1' ],
24 silly audit   '@dnd-kit/core': [ '6.3.1' ],
24 silly audit   '@dnd-kit/sortable': [ '10.0.0' ],
24 silly audit   '@dnd-kit/utilities': [ '3.2.2' ],
24 silly audit   '@emotion/is-prop-valid': [ '1.2.2' ],
24 silly audit   '@emotion/memoize': [ '0.8.1' ],
24 silly audit   '@emotion/unitless': [ '0.8.1' ],
24 silly audit   '@esbuild/aix-ppc64': [ '0.21.5' ],
24 silly audit   '@esbuild/android-arm': [ '0.21.5' ],
24 silly audit   '@esbuild/android-arm64': [ '0.21.5' ],
24 silly audit   '@esbuild/android-x64': [ '0.21.5' ],
24 silly audit   '@esbuild/darwin-arm64': [ '0.21.5' ],
24 silly audit   '@esbuild/darwin-x64': [ '0.21.5' ],
24 silly audit   '@esbuild/freebsd-arm64': [ '0.21.5' ],
24 silly audit   '@esbuild/freebsd-x64': [ '0.21.5' ],
24 silly audit   '@esbuild/linux-arm': [ '0.21.5' ],
24 silly audit   '@esbuild/linux-arm64': [ '0.21.5' ],
24 silly audit   '@esbuild/linux-ia32': [ '0.21.5' ],
24 silly audit   '@esbuild/linux-loong64': [ '0.21.5' ],
24 silly audit   '@esbuild/linux-mips64el': [ '0.21.5' ],
24 silly audit   '@esbuild/linux-ppc64': [ '0.21.5' ],
24 silly audit   '@esbuild/linux-riscv64': [ '0.21.5' ],
24 silly audit   '@esbuild/linux-s390x': [ '0.21.5' ],
24 silly audit   '@esbuild/linux-x64': [ '0.21.5' ],
24 silly audit   '@esbuild/netbsd-x64': [ '0.21.5' ],
24 silly audit   '@esbuild/openbsd-x64': [ '0.21.5' ],
24 silly audit   '@esbuild/sunos-x64': [ '0.21.5' ],
24 silly audit   '@esbuild/win32-arm64': [ '0.21.5' ],
24 silly audit   '@esbuild/win32-ia32': [ '0.21.5' ],
24 silly audit   '@esbuild/win32-x64': [ '0.21.5' ],
24 silly audit   '@isaacs/cliui': [ '8.0.2' ],
24 silly audit   '@jridgewell/gen-mapping': [ '0.3.13' ],
24 silly audit   '@jridgewell/remapping': [ '2.3.5' ],
24 silly audit   '@jridgewell/resolve-uri': [ '3.1.2' ],
24 silly audit   '@jridgewell/sourcemap-codec': [ '1.5.5' ],
24 silly audit   '@jridgewell/trace-mapping': [ '0.3.31' ],
24 silly audit   '@nodelib/fs.scandir': [ '2.1.5' ],
24 silly audit   '@nodelib/fs.stat': [ '2.0.5' ],
24 silly audit   '@nodelib/fs.walk': [ '1.2.8' ],
24 silly audit   '@pkgjs/parseargs': [ '0.11.0' ],
24 silly audit   '@reduxjs/toolkit': [ '2.10.1' ],
24 silly audit   '@rolldown/pluginutils': [ '1.0.0-beta.27' ],
24 silly audit   '@rollup/rollup-android-arm-eabi': [ '4.52.5' ],
24 silly audit   '@rollup/rollup-android-arm64': [ '4.52.5' ],
24 silly audit   '@rollup/rollup-darwin-arm64': [ '4.52.5' ],
24 silly audit   '@rollup/rollup-darwin-x64': [ '4.52.5' ],
24 silly audit   '@rollup/rollup-freebsd-arm64': [ '4.52.5' ],
24 silly audit   '@rollup/rollup-freebsd-x64': [ '4.52.5' ],
24 silly audit   '@rollup/rollup-linux-arm-gnueabihf': [ '4.52.5' ],
24 silly audit   '@rollup/rollup-linux-arm-musleabihf': [ '4.52.5' ],
24 silly audit   '@rollup/rollup-linux-arm64-gnu': [ '4.52.5' ],
24 silly audit   '@rollup/rollup-linux-arm64-musl': [ '4.52.5' ],
24 silly audit   '@rollup/rollup-linux-loong64-gnu': [ '4.52.5' ],
24 silly audit   '@rollup/rollup-linux-ppc64-gnu': [ '4.52.5' ],
24 silly audit   '@rollup/rollup-linux-riscv64-gnu': [ '4.52.5' ],
24 silly audit   '@rollup/rollup-linux-riscv64-musl': [ '4.52.5' ],
24 silly audit   '@rollup/rollup-linux-s390x-gnu': [ '4.52.5' ],
24 silly audit   '@rollup/rollup-linux-x64-gnu': [ '4.52.5' ],
24 silly audit   '@rollup/rollup-linux-x64-musl': [ '4.52.5' ],
24 silly audit   '@rollup/rollup-openharmony-arm64': [ '4.52.5' ],
24 silly audit   '@rollup/rollup-win32-arm64-msvc': [ '4.52.5' ],
24 silly audit   '@rollup/rollup-win32-ia32-msvc': [ '4.52.5' ],
24 silly audit   '@rollup/rollup-win32-x64-gnu': [ '4.52.5' ],
24 silly audit   '@rollup/rollup-win32-x64-msvc': [ '4.52.5' ],
24 silly audit   '@standard-schema/spec': [ '1.0.0' ],
24 silly audit   '@standard-schema/utils': [ '0.3.0' ],
24 silly audit   '@types/babel__core': [ '7.20.5' ],
24 silly audit   '@types/babel__generator': [ '7.27.0' ],
24 silly audit   '@types/babel__template': [ '7.4.4' ],
24 silly audit   '@types/babel__traverse': [ '7.28.0' ],
24 silly audit   '@types/d3-array': [ '3.2.2' ],
24 silly audit   '@types/d3-color': [ '3.1.3' ],
24 silly audit   '@types/d3-ease': [ '3.0.2' ],
24 silly audit   '@types/d3-interpolate': [ '3.0.4' ],
24 silly audit   '@types/d3-path': [ '3.1.1' ],
24 silly audit   '@types/d3-scale': [ '4.0.9' ],
24 silly audit   '@types/d3-shape': [ '3.1.7' ],
24 silly audit   '@types/d3-time': [ '3.0.4' ],
24 silly audit   '@types/d3-timer': [ '3.0.2' ],
24 silly audit   '@types/estree': [ '1.0.8' ],
24 silly audit   '@types/stylis': [ '4.2.5' ],
24 silly audit   '@types/trusted-types': [ '2.0.7' ],
24 silly audit   '@types/use-sync-external-store': [ '0.0.6' ],
24 silly audit   '@vitejs/plugin-react': [ '4.7.0' ],
24 silly audit   'ansi-regex': [ '6.2.2', '5.0.1' ],
24 silly audit   'ansi-styles': [ '6.2.3', '4.3.0' ],
24 silly audit   'any-promise': [ '1.3.0' ],
24 silly audit   anymatch: [ '3.1.3' ],
24 silly audit   arg: [ '5.0.2' ],
24 silly audit   asynckit: [ '0.4.0' ],
24 silly audit   autoprefixer: [ '10.4.21' ],
24 silly audit   axios: [ '1.13.2' ],
24 silly audit   'balanced-match': [ '1.0.2' ],
24 silly audit   'binary-extensions': [ '2.3.0' ],
24 silly audit   'brace-expansion': [ '2.0.2' ],
24 silly audit   braces: [ '3.0.3' ],
24 silly audit   browserslist: [ '4.27.0' ],
24 silly audit   'call-bind-apply-helpers': [ '1.0.2' ],
24 silly audit   'camelcase-css': [ '2.0.1' ],
24 silly audit   camelize: [ '1.0.1' ],
24 silly audit   'caniuse-lite': [ '1.0.30001754' ],
24 silly audit   chokidar: [ '3.6.0' ],
24 silly audit   'glob-parent': [ '5.1.2', '6.0.2' ],
24 silly audit   cliui: [ '8.0.1' ],
24 silly audit   'emoji-regex': [ '8.0.0', '9.2.2' ],
24 silly audit   'string-width': [ '4.2.3', '5.1.2' ],
24 silly audit   'strip-ansi': [ '6.0.1', '7.1.2' ],
24 silly audit   'wrap-ansi': [ '7.0.0', '8.1.0' ],
24 silly audit   clsx: [ '2.1.1' ],
24 silly audit   'color-convert': [ '2.0.1' ],
24 silly audit   'color-name': [ '1.1.4' ],
24 silly audit   'combined-stream': [ '1.0.8' ],
24 silly audit   commander: [ '4.1.1' ],
24 silly audit   'convert-source-map': [ '2.0.0' ],
24 silly audit   cookie: [ '1.0.2' ],
24 silly audit   'cross-spawn': [ '7.0.6' ],
24 silly audit   'css-color-keywords': [ '1.0.0' ],
24 silly audit   'css-to-react-native': [ '3.2.0' ],
24 silly audit   cssesc: [ '3.0.0' ],
24 silly audit   csstype: [ '3.1.3' ],
24 silly audit   'd3-array': [ '3.2.4' ],
24 silly audit   'd3-color': [ '3.1.0' ],
24 silly audit   'd3-ease': [ '3.0.1' ],
24 silly audit   'd3-format': [ '3.1.0' ],
24 silly audit   'd3-interpolate': [ '3.0.1' ],
24 silly audit   'd3-path': [ '3.1.0' ],
24 silly audit   'd3-scale': [ '4.0.2' ],
24 silly audit   'd3-shape': [ '3.2.0' ],
24 silly audit   'd3-time': [ '3.1.0' ],
24 silly audit   'd3-time-format': [ '4.1.0' ],
24 silly audit   'd3-timer': [ '3.0.1' ],
24 silly audit   dayjs: [ '1.11.19' ],
24 silly audit   debug: [ '4.4.3' ],
24 silly audit   'decimal.js-light': [ '2.5.1' ],
24 silly audit   'define-lazy-prop': [ '2.0.0' ],
24 silly audit   'delayed-stream': [ '1.0.0' ],
24 silly audit   didyoumean: [ '1.2.2' ],
24 silly audit   dlv: [ '1.1.3' ],
24 silly audit   'dom-serializer': [ '2.0.0' ],
24 silly audit   entities: [ '4.5.0', '6.0.1' ],
24 silly audit   domelementtype: [ '2.3.0' ],
24 silly audit   domhandler: [ '5.0.3' ],
24 silly audit   dompurify: [ '3.3.0' ],
24 silly audit   domutils: [ '3.2.2' ],
24 silly audit   'dunder-proto': [ '1.0.1' ],
24 silly audit   eastasianwidth: [ '0.2.0' ],
24 silly audit   'electron-to-chromium': [ '1.5.248' ],
24 silly audit   'es-define-property': [ '1.0.1' ],
24 silly audit   'es-errors': [ '1.3.0' ],
24 silly audit   'es-object-atoms': [ '1.1.1' ],
24 silly audit   'es-set-tostringtag': [ '2.1.0' ],
24 silly audit   'es-toolkit': [ '1.41.0' ],
24 silly audit   esbuild: [ '0.21.5' ],
24 silly audit   escalade: [ '3.2.0' ],
24 silly audit   eventemitter3: [ '5.0.1' ],
24 silly audit   'fast-diff': [ '1.3.0' ],
24 silly audit   'fast-glob': [ '3.3.3' ],
24 silly audit   fastq: [ '1.19.1' ],
24 silly audit   'fill-range': [ '7.1.1' ],
24 silly audit   'follow-redirects': [ '1.15.11' ],
24 silly audit   'foreground-child': [ '3.3.1' ],
24 silly audit   'form-data': [ '4.0.4' ],
24 silly audit   'fraction.js': [ '4.3.7' ],
24 silly audit   'framer-motion': [ '12.23.24' ],
24 silly audit   fsevents: [ '2.3.3' ],
24 silly audit   'function-bind': [ '1.1.2' ],
24 silly audit   gensync: [ '1.0.0-beta.2' ],
24 silly audit   'get-caller-file': [ '2.0.5' ],
24 silly audit   'get-intrinsic': [ '1.3.0' ],
24 silly audit   'get-proto': [ '1.0.1' ],
24 silly audit   glob: [ '10.4.5' ],
24 silly audit   goober: [ '2.1.18' ],
24 silly audit   gopd: [ '1.2.0' ],
24 silly audit   'has-symbols': [ '1.1.0' ],
24 silly audit   'has-tostringtag': [ '1.0.2' ],
24 silly audit   hasown: [ '2.0.2' ],
24 silly audit   'html-dom-parser': [ '5.1.1' ],
24 silly audit   'html-react-parser': [ '5.2.8' ],
24 silly audit   htmlparser2: [ '10.0.0' ],
24 silly audit   immer: [ '10.2.0' ],
24 silly audit   'inline-style-parser': [ '0.2.6' ],
24 silly audit   internmap: [ '2.0.3' ],
24 silly audit   'is-binary-path': [ '2.1.0' ],
24 silly audit   'is-core-module': [ '2.16.1' ],
24 silly audit   'is-docker': [ '2.2.1' ],
24 silly audit   'is-extglob': [ '2.1.1' ],
24 silly audit   'is-fullwidth-code-point': [ '3.0.0' ],
24 silly audit   'is-glob': [ '4.0.3' ],
24 silly audit   'is-number': [ '7.0.0' ],
24 silly audit   'is-wsl': [ '2.2.0' ],
24 silly audit   isexe: [ '2.0.0' ],
24 silly audit   jackspeak: [ '3.4.3' ],
24 silly audit   jiti: [ '1.21.7' ],
24 silly audit   'js-tokens': [ '4.0.0' ],
24 silly audit   jsesc: [ '3.1.0' ],
24 silly audit   json5: [ '2.2.3' ],
24 silly audit   lilconfig: [ '3.1.3' ],
24 silly audit   'lines-and-columns': [ '1.2.4' ],
24 silly audit   'lodash-es': [ '4.17.21' ],
24 silly audit   'lodash.clonedeep': [ '4.5.0' ],
24 silly audit   'lodash.isequal': [ '4.5.0' ],
24 silly audit   'lru-cache': [ '5.1.1', '10.4.3' ],
24 silly audit   'lucide-react': [ '0.553.0' ],
24 silly audit   'math-intrinsics': [ '1.1.0' ],
24 silly audit   merge2: [ '1.4.1' ],
24 silly audit   micromatch: [ '4.0.8' ],
24 silly audit   'mime-db': [ '1.52.0' ],
24 silly audit   'mime-types': [ '2.1.35' ],
24 silly audit   minimatch: [ '9.0.5' ],
24 silly audit   minipass: [ '7.1.2' ],
24 silly audit   motion: [ '12.23.24' ],
24 silly audit   'motion-dom': [ '12.23.23' ],
24 silly audit   'motion-utils': [ '12.23.6' ],
24 silly audit   ms: [ '2.1.3' ],
24 silly audit   mz: [ '2.7.0' ],
24 silly audit   nanoid: [ '3.3.11' ],
24 silly audit   'node-releases': [ '2.0.27' ],
24 silly audit   'normalize-path': [ '3.0.0' ],
24 silly audit   'normalize-range': [ '0.1.2' ],
24 silly audit   'object-assign': [ '4.1.1' ],
24 silly audit   'object-hash': [ '3.0.0' ],
24 silly audit   open: [ '8.4.2' ],
24 silly audit   'package-json-from-dist': [ '1.0.1' ],
24 silly audit   parchment: [ '3.0.0' ],
24 silly audit   'path-key': [ '3.1.1' ],
24 silly audit   'path-parse': [ '1.0.7' ],
24 silly audit   'path-scurry': [ '1.11.1' ],
24 silly audit   picocolors: [ '1.1.1' ],
24 silly audit   picomatch: [ '2.3.1', '4.0.3' ],
24 silly audit   pify: [ '2.3.0' ],
24 silly audit   pirates: [ '4.0.7' ],
24 silly audit   postcss: [ '8.5.6', '8.4.49' ],
24 silly audit   'postcss-import': [ '15.1.0' ],
24 silly audit   'postcss-js': [ '4.1.0' ],
24 silly audit   'postcss-load-config': [ '6.0.1' ],
24 silly audit   'postcss-nested': [ '6.2.0' ],
24 silly audit   'postcss-selector-parser': [ '6.1.2' ],
24 silly audit   'postcss-value-parser': [ '4.2.0' ],
24 silly audit   'proxy-from-env': [ '1.1.0' ],
24 silly audit   'queue-microtask': [ '1.2.3' ],
24 silly audit   quill: [ '2.0.3' ],
24 silly audit   'quill-delta': [ '5.1.0' ],
24 silly audit   react: [ '19.2.0' ],
24 silly audit   'react-dom': [ '19.2.0' ],
24 silly audit   'react-hot-toast': [ '2.6.0' ],
24 silly audit   'react-is': [ '19.2.0' ],
24 silly audit   'react-property': [ '2.0.2' ],
24 silly audit   'react-quill-new': [ '3.6.0' ],
24 silly audit   'react-redux': [ '9.2.0' ],
24 silly audit   'react-refresh': [ '0.17.0' ],
24 silly audit   'react-router': [ '7.9.5' ],
24 silly audit   'react-router-dom': [ '7.9.5' ],
24 silly audit   'read-cache': [ '1.0.0' ],
24 silly audit   readdirp: [ '3.6.0' ],
24 silly audit   recharts: [ '3.4.1' ],
24 silly audit   redux: [ '5.0.1' ],
24 silly audit   'redux-thunk': [ '3.1.0' ],
24 silly audit   'require-directory': [ '2.1.1' ],
24 silly audit   reselect: [ '5.1.1' ],
24 silly audit   resolve: [ '1.22.11' ],
24 silly audit   reusify: [ '1.1.0' ],
24 silly audit   rollup: [ '4.52.5' ],
24 silly audit   'rollup-plugin-visualizer': [ '6.0.5' ],
24 silly audit   'run-parallel': [ '1.2.0' ],
24 silly audit   scheduler: [ '0.27.0' ],
24 silly audit   semver: [ '6.3.1' ],
24 silly audit   'set-cookie-parser': [ '2.7.2' ],
24 silly audit   shallowequal: [ '1.1.0' ],
24 silly audit   'shebang-command': [ '2.0.0' ],
24 silly audit   'shebang-regex': [ '3.0.0' ],
24 silly audit   'signal-exit': [ '4.1.0' ],
24 silly audit   'source-map': [ '0.7.6' ],
24 silly audit   'source-map-js': [ '1.2.1' ],
24 silly audit   'style-to-js': [ '1.1.19' ],
24 silly audit   'style-to-object': [ '1.0.12' ],
24 silly audit   'styled-components': [ '6.1.19' ],
24 silly audit   tslib: [ '2.6.2', '2.8.1' ],
24 silly audit   stylis: [ '4.3.2' ],
24 silly audit   sucrase: [ '3.35.0' ],
24 silly audit   'supports-preserve-symlinks-flag': [ '1.0.0' ],
24 silly audit   swiper: [ '12.0.3' ],
24 silly audit   tailwindcss: [ '3.4.18' ],
24 silly audit   thenify: [ '3.3.1' ],
24 silly audit   'thenify-all': [ '1.6.0' ],
24 silly audit   'tiny-invariant': [ '1.3.3' ],
24 silly audit   'to-regex-range': [ '5.0.1' ],
24 silly audit   'ts-interface-checker': [ '0.1.13' ],
24 silly audit   'update-browserslist-db': [ '1.1.4' ],
24 silly audit   'use-sync-external-store': [ '1.6.0' ],
24 silly audit   'util-deprecate': [ '1.0.2' ],
24 silly audit   'victory-vendor': [ '37.3.6' ],
24 silly audit   vite: [ '5.4.21' ],
24 silly audit   which: [ '2.0.2' ],
24 silly audit   y18n: [ '5.0.8' ],
24 silly audit   yallist: [ '3.1.1' ],
24 silly audit   yargs: [ '17.7.2' ],
24 silly audit   'yargs-parser': [ '21.1.1' ],
24 silly audit   'baseline-browser-mapping': [ '2.9.19' ]
24 silly audit }
25 http cache baseline-browser-mapping@https://registry.npmjs.org/baseline-browser-mapping/-/baseline-browser-mapping-2.9.19.tgz 1ms (cache hit)
26 silly tarball no local data for baseline-browser-mapping@https://registry.npmjs.org/baseline-browser-mapping/-/baseline-browser-mapping-2.9.19.tgz. Extracting by manifest.
27 http fetch POST 200 https://registry.npmjs.org/-/npm/v1/security/advisories/bulk 351ms
28 silly audit report {
28 silly audit report   axios: [
28 silly audit report     {
28 silly audit report       id: 1113092,
28 silly audit report       url: 'https://github.com/advisories/GHSA-43fc-jf86-j433',
28 silly audit report       title: 'Axios is Vulnerable to Denial of Service via __proto__ Key in mergeConfig',
28 silly audit report       severity: 'high',
28 silly audit report       vulnerable_versions: '<=1.13.4',
28 silly audit report       cwe: [Array],
28 silly audit report       cvss: [Object]
28 silly audit report     }
28 silly audit report   ],
28 silly audit report   esbuild: [
28 silly audit report     {
28 silly audit report       id: 1102341,
28 silly audit report       url: 'https://github.com/advisories/GHSA-67mh-4wv8-2f99',
28 silly audit report       title: 'esbuild enables any website to send any requests to the development server and read the response',
28 silly audit report       severity: 'moderate',
28 silly audit report       vulnerable_versions: '<=0.24.2',
28 silly audit report       cwe: [Array],
28 silly audit report       cvss: [Object]
28 silly audit report     }
28 silly audit report   ],
28 silly audit report   glob: [
28 silly audit report     {
28 silly audit report       id: 1109842,
28 silly audit report       url: 'https://github.com/advisories/GHSA-5j98-mcp5-4vw2',
28 silly audit report       title: 'glob CLI: Command injection via -c/--cmd executes matches with shell:true',
28 silly audit report       severity: 'high',
28 silly audit report       vulnerable_versions: '>=10.2.0 <10.5.0',
28 silly audit report       cwe: [Array],
28 silly audit report       cvss: [Object]
28 silly audit report     }
28 silly audit report   ],
28 silly audit report   'lodash-es': [
28 silly audit report     {
28 silly audit report       id: 1112453,
28 silly audit report       url: 'https://github.com/advisories/GHSA-xxjr-mmjv-4gpg',
28 silly audit report       title: 'Lodash has Prototype Pollution Vulnerability in `_.unset` and `_.omit` functions',
28 silly audit report       severity: 'moderate',
28 silly audit report       vulnerable_versions: '>=4.0.0 <=4.17.22',
28 silly audit report       cwe: [Array],
28 silly audit report       cvss: [Object]
28 silly audit report     }
28 silly audit report   ],
28 silly audit report   quill: [
28 silly audit report     {
28 silly audit report       id: 1112197,
28 silly audit report       url: 'https://github.com/advisories/GHSA-v3m3-f69x-jf25',
28 silly audit report       title: 'Quill is vulnerable to XSS via HTML export feature',
28 silly audit report       severity: 'low',
28 silly audit report       vulnerable_versions: '=2.0.3',
28 silly audit report       cwe: [Array],
28 silly audit report       cvss: [Object]
28 silly audit report     }
28 silly audit report   ],
28 silly audit report   'react-router': [
28 silly audit report     {
28 silly audit report       id: 1112051,
28 silly audit report       url: 'https://github.com/advisories/GHSA-h5cw-625j-3rxh',
28 silly audit report       title: 'React Router has CSRF issue in Action/Server Action Request Processing',
28 silly audit report       severity: 'moderate',
28 silly audit report       vulnerable_versions: '>=7.0.0 <=7.11.0',
28 silly audit report       cwe: [Array],
28 silly audit report       cvss: [Object]
28 silly audit report     },
28 silly audit report     {
28 silly audit report       id: 1112053,
28 silly audit report       url: 'https://github.com/advisories/GHSA-2w69-qvjg-hvjx',
28 silly audit report       title: 'React Router vulnerable to XSS via Open Redirects',
28 silly audit report       severity: 'high',
28 silly audit report       vulnerable_versions: '>=7.0.0 <=7.11.0',
28 silly audit report       cwe: [Array],
28 silly audit report       cvss: [Object]
28 silly audit report     },
28 silly audit report     {
28 silly audit report       id: 1112055,
28 silly audit report       url: 'https://github.com/advisories/GHSA-8v8x-cx79-35w7',
28 silly audit report       title: 'React Router SSR XSS in ScrollRestoration',
28 silly audit report       severity: 'high',
28 silly audit report       vulnerable_versions: '>=7.0.0 <7.12.0',
28 silly audit report       cwe: [Array],
28 silly audit report       cvss: [Object]
28 silly audit report     },
28 silly audit report     {
28 silly audit report       id: 1112056,
28 silly audit report       url: 'https://github.com/advisories/GHSA-9jcx-v3wj-wh4m',
28 silly audit report       title: 'React Router has unexpected external redirect via untrusted paths',
28 silly audit report       severity: 'moderate',
28 silly audit report       vulnerable_versions: '>=7.0.0 <7.9.6',
28 silly audit report       cwe: [Array],
28 silly audit report       cvss: [Object]
28 silly audit report     }
28 silly audit report   ]
28 silly audit report }
29 silly packumentCache corgi:https://registry.npmjs.org/axios cache-miss
30 silly packumentCache corgi:https://registry.npmjs.org/esbuild cache-miss
31 silly packumentCache corgi:https://registry.npmjs.org/glob cache-miss
32 silly packumentCache corgi:https://registry.npmjs.org/lodash-es cache-miss
33 silly packumentCache corgi:https://registry.npmjs.org/quill cache-miss
34 silly packumentCache corgi:https://registry.npmjs.org/react-router cache-miss
35 http fetch GET 200 https://registry.npmjs.org/axios 323ms (cache miss)
36 silly packumentCache corgi:https://registry.npmjs.org/axios set size:undefined disposed:false
37 http fetch GET 200 https://registry.npmjs.org/lodash-es 376ms (cache miss)
38 silly packumentCache corgi:https://registry.npmjs.org/lodash-es set size:undefined disposed:false
39 http fetch GET 200 https://registry.npmjs.org/quill 404ms (cache miss)
40 silly packumentCache corgi:https://registry.npmjs.org/quill set size:undefined disposed:false
41 http fetch GET 200 https://registry.npmjs.org/glob 474ms (cache miss)
42 silly packumentCache corgi:https://registry.npmjs.org/glob set size:undefined disposed:false
43 http fetch GET 200 https://registry.npmjs.org/esbuild 606ms (cache miss)
44 silly packumentCache corgi:https://registry.npmjs.org/esbuild set size:undefined disposed:false
45 http fetch GET 200 https://registry.npmjs.org/react-router 768ms (cache miss)
46 silly packumentCache corgi:https://registry.npmjs.org/react-router set size:undefined disposed:false
47 silly packumentCache corgi:https://registry.npmjs.org/vite cache-miss
48 http fetch GET 200 https://registry.npmjs.org/vite 347ms (cache miss)
49 silly packumentCache corgi:https://registry.npmjs.org/vite set size:undefined disposed:false
50 silly packumentCache corgi:https://registry.npmjs.org/sucrase cache-miss
51 http fetch GET 200 https://registry.npmjs.org/baseline-browser-mapping/-/baseline-browser-mapping-2.9.19.tgz 2637ms (cache miss)
52 http fetch GET 200 https://registry.npmjs.org/sucrase 311ms (cache miss)
53 silly packumentCache corgi:https://registry.npmjs.org/sucrase set size:undefined disposed:false
54 silly packumentCache corgi:https://registry.npmjs.org/react-quill-new cache-miss
55 http fetch GET 200 https://registry.npmjs.org/react-quill-new 478ms (cache miss)
56 silly packumentCache corgi:https://registry.npmjs.org/react-quill-new set size:undefined disposed:false
57 silly packumentCache corgi:https://registry.npmjs.org/react-router-dom cache-miss
58 http fetch GET 200 https://registry.npmjs.org/react-router-dom 621ms (cache miss)
59 silly packumentCache corgi:https://registry.npmjs.org/react-router-dom set size:undefined disposed:false
60 silly packumentCache corgi:https://registry.npmjs.org/@vitejs%2fplugin-react cache-miss
61 http fetch GET 200 https://registry.npmjs.org/@vitejs%2fplugin-react 166ms (cache miss)
62 silly packumentCache corgi:https://registry.npmjs.org/@vitejs%2fplugin-react set size:undefined disposed:false
63 silly CHANGE node_modules/baseline-browser-mapping
64 verbose cwd C:\Users\dfuser\Desktop\New\snowcity-main
65 verbose os Windows_NT 10.0.26100
66 verbose node v22.13.1
67 verbose npm  v11.8.0
68 verbose exit 0
69 info ok
